<?xml version="1.0" encoding="UTF-8"?>
<!-- Generated by org.testng.reporters.JUnitReportReporter -->
<testsuite hostname="LAPTOP-HV2I0479" failures="0" tests="1" name="com.selenium4.nokia.readGoogleSuggestion" time="11.846" errors="0" timestamp="2022-03-29T15:59:59 CEST" skipped="0">
  <testcase classname="com.selenium4.nokia.readGoogleSuggestion" name="searchOnGooglePage" time="11.846"/>
  <system-out/>
</testsuite> <!-- com.selenium4.nokia.readGoogleSuggestion -->
